<?xml version="1.0" encoding="UTF-8"?>
<!-- Generated by org.testng.reporters.JUnitReportReporter -->
<testsuite skipped="0" hostname="DESKTOP-JRH31QL" name="testng.TestNG.Day1" tests="1" failures="0" timestamp="15 Oct 2020 09:51:15 GMT" time="0.070" errors="0">
  <testcase name="demo" time="0.070" classname="testng.TestNG.Day1"/>
</testsuite> <!-- testng.TestNG.Day1 -->
